Starting AI Token Usage Web Server...
Server will be available at http://localhost:5001
Log file: /Users/rhuang/workspace/ai-token-analyzer/logs/web_server.log
Web server started with PID: 57277
ERROR: Web server failed to start. Check log file: /Users/rhuang/workspace/ai-token-analyzer/logs/web_server.log
Starting AI Token Usage Web Server...
Server will be available at http://localhost:5001
Log file: /Users/rhuang/workspace/ai-token-analyzer/logs/web_server.log
Web server started with PID: 57295
ERROR: Web server failed to start. Check log file: /Users/rhuang/workspace/ai-token-analyzer/logs/web_server.log
Starting AI Token Usage Web Server...
Server will be available at http://localhost:5001
Log file: /Users/rhuang/workspace/ai-token-analyzer/logs/web_server.log
Web server started with PID: 57324
SUCCESS: Web server started successfully!
PID: 57324
URL: http://localhost:5001
Starting AI Token Usage Web Server...
Server will be available at http://localhost:5001
Log file: /Users/rhuang/workspace/ai-token-analyzer/logs/web_server.log
Web server started with PID: 57357
ERROR: Web server failed to start. Check log file: /Users/rhuang/workspace/ai-token-analyzer/logs/web_server.log
Starting AI Token Usage Web Server...
Server will be available at http://localhost:5001
Log file: /Users/rhuang/workspace/ai-token-analyzer/logs/web_server.log
Web server started with PID: 57378
ERROR: Web server failed to start. Check log file: /Users/rhuang/workspace/ai-token-analyzer/logs/web_server.log
Starting AI Token Usage Web Server...
Server will be available at http://localhost:5001
Log file: /Users/rhuang/workspace/ai-token-analyzer/logs/web_server.log
Web server started with PID: 57395
ERROR: Web server failed to start. Check log file: /Users/rhuang/workspace/ai-token-analyzer/logs/web_server.log
Starting AI Token Usage Web Server...
Server will be available at http://localhost:5001
Log file: /Users/rhuang/workspace/ai-token-analyzer/logs/web_server.log
Web server started with PID: 57407
ERROR: Web server failed to start. Check log file: /Users/rhuang/workspace/ai-token-analyzer/logs/web_server.log
Starting AI Token Usage Web Server...
Server will be available at http://localhost:5001
Log file: /Users/rhuang/workspace/ai-token-analyzer/logs/web_server.log
Web server started with PID: 57417
ERROR: Web server failed to start. Check log file: /Users/rhuang/workspace/ai-token-analyzer/logs/web_server.log
Starting AI Token Usage Web Server...
Server will be available at http://localhost:5001
Log file: /Users/rhuang/workspace/ai-token-analyzer/logs/web_server.log
Web server started with PID: 57433
ERROR: Web server failed to start. Check log file: /Users/rhuang/workspace/ai-token-analyzer/logs/web_server.log
Starting AI Token Usage Web Server...
Server will be available at http://localhost:5001
Log file: /Users/rhuang/workspace/ai-token-analyzer/logs/web_server.log
Web server started with PID: 57449
ERROR: Web server failed to start. Check log file: /Users/rhuang/workspace/ai-token-analyzer/logs/web_server.log
Starting AI Token Usage Web Server...
Server will be available at http://localhost:5001
Log file: /Users/rhuang/workspace/ai-token-analyzer/logs/web_server.log
Web server started with PID: 57458
ERROR: Web server failed to start. Check log file: /Users/rhuang/workspace/ai-token-analyzer/logs/web_server.log
Starting AI Token Usage Web Server...
Server will be available at http://localhost:5001
Log file: /Users/rhuang/workspace/ai-token-analyzer/logs/web_server.log
Web server started with PID: 57470
ERROR: Web server failed to start. Check log file: /Users/rhuang/workspace/ai-token-analyzer/logs/web_server.log
Starting AI Token Usage Web Server...
Server will be available at http://localhost:5001
Log file: /Users/rhuang/workspace/ai-token-analyzer/logs/web_server.log
Web server started with PID: 57489
ERROR: Web server failed to start. Check log file: /Users/rhuang/workspace/ai-token-analyzer/logs/web_server.log
Starting AI Token Usage Web Server...
Server will be available at http://localhost:5001
Log file: /Users/rhuang/workspace/ai-token-analyzer/logs/web_server.log
Web server started with PID: 57502
ERROR: Web server failed to start. Check log file: /Users/rhuang/workspace/ai-token-analyzer/logs/web_server.log
Starting AI Token Usage Web Server...
Server will be available at http://localhost:5001
Log file: /Users/rhuang/workspace/ai-token-analyzer/logs/web_server.log
Web server started with PID: 57514
ERROR: Web server failed to start. Check log file: /Users/rhuang/workspace/ai-token-analyzer/logs/web_server.log
